nohup: ignoring input
  0%|          | 0/235 [00:00<?, ?it/s]  0%|          | 0/235 [00:04<?, ?it/s]
I0 :  Input
Input Size:  (32, 32, 1)
Number of kernels:  0
Kernal Dimensions:  (0, 0)
Stride:  1
Padding:  0
Activation Function:  None
Output Size:  (1, 32, 32)

C1 :  Convolution
Input Size:  (1, 32, 32)
Number of kernels:  6
Kernal Dimensions:  (5, 5)
Stride:  1
Padding:  0
Activation Function:  None
Output Size:  (6, 28, 28)

S2 :  MaxPooling
Input Size:  (6, 28, 28)
Number of kernels:  1
Kernal Dimensions:  (2, 2)
Stride:  2
Padding:  0
Activation Function:  ReLU
Output Size:  (6, 14, 14)

C3 :  Convolution
Input Size:  (6, 14, 14)
Number of kernels:  16
Kernal Dimensions:  (5, 5)
Stride:  1
Padding:  0
Activation Function:  None
Output Size:  (16, 10, 10)

S4 :  MaxPooling
Input Size:  (16, 10, 10)
Number of kernels:  1
Kernal Dimensions:  (2, 2)
Stride:  2
Padding:  0
Activation Function:  ReLU
Output Size:  (16, 5, 5)

C5 :  Convolution
Input Size:  (16, 5, 5)
Number of kernels:  120
Kernal Dimensions:  (5, 5)
Stride:  1
Padding:  0
Activation Function:  ReLU
Output Size:  (120, 1, 1)

F6 :  FullyConnected
Input Size:  (120, 1, 1)
Number of kernels:  1
Kernal Dimensions:  (120, 84)
Stride:  1
Padding:  0
Activation Function:  ReLU
Output Size:  (84, 1, 1)

F7 :  FullyConnected
Input Size:  (84, 1, 1)
Number of kernels:  1
Kernal Dimensions:  (84, 10)
Stride:  1
Padding:  0
Activation Function:  None
Output Size:  (10, 1, 1)

---------- epoch 1 begin ----------
learning rate: 0.05
batch size: 256
Training: 
Forward Propagation
I0: Sun May  3 16:14:54 2020
C1: Sun May  3 16:14:54 2020
S2: Sun May  3 16:14:54 2020
C3: Sun May  3 16:14:54 2020
S4: Sun May  3 16:14:55 2020
C5: Sun May  3 16:14:55 2020
F6: Sun May  3 16:14:58 2020
Traceback (most recent call last):
  File "A2.py", line 187, in <module>
    main()
  File "A2.py", line 172, in main
    err_rate_list = train(model, train_data, test_data, args.epoch, lr_global_list, args.batch_size)
  File "A2.py", line 130, in train
    loss = model.Forward_Propagation(batch_image, batch_label, 'train')
  File "/home/fyp19020/Temp_ml/LeNet5_from_Scratch/utils/model.py", line 61, in Forward_Propagation
    temp_cur = self.layers[layer].forward_prop_og(cur_image)
  File "/home/fyp19020/Temp_ml/LeNet5_from_Scratch/utils/layers.py", line 175, in forward_prop_og
    output = output.reshape((image.shape[0], ) + self.output_size)
ValueError: cannot reshape array of size 2580480 into shape (256,84,1,1)
